<?xml version="1.0" encoding="UTF-8"?>
<testsuite name="org.apache.commons.configuration.TestVFSConfigurationBuilder" time="9.384" tests="49" errors="0" skipped="0" failures="0">
  <properties>
[...]
</properties>
  <testcase name="testFileReloadSchemaValidationError" classname="org.apache.commons.configuration.TestVFSConfigurationBuilder" time="2.335"/>
  <testcase name="testLoadAdditional" classname="org.apache.commons.configuration.TestVFSConfigurationBuilder" time="0.004"/>
  <testcase name="testLoadOptional" classname="org.apache.commons.configuration.TestVFSConfigurationBuilder" time="0.006"/>
  <testcase name="testValidation2" classname="org.apache.commons.configuration.TestVFSConfigurationBuilder" time="0.01"/>
  <testcase name="testFileReload1" classname="org.apache.commons.configuration.TestVFSConfigurationBuilder" time="2.276"/>
  <testcase name="testFileReload2" classname="org.apache.commons.configuration.TestVFSConfigurationBuilder" time="1.109"/>
  <testcase name="testFileReload3" classname="org.apache.commons.configuration.TestVFSConfigurationBuilder" time="2.218"/>
  <testcase name="testRemoveConfigurationProvider" classname="org.apache.commons.configuration.TestVFSConfigurationBuilder" time="0"/>
  <testcase name="testAddConfigurationProviderNullTag" classname="org.apache.commons.configuration.TestVFSConfigurationBuilder" time="0"/>
  <testcase name="testLoadOptionalNonFileBased" classname="org.apache.commons.configuration.TestVFSConfigurationBuilder" time="0.001"/>
  <testcase name="testLoadConfigurationFromURL" classname="org.apache.commons.configuration.TestVFSConfigurationBuilder" time="0.005"/>
  <testcase name="testLoadConfigurationFromFile" classname="org.apache.commons.configuration.TestVFSConfigurationBuilder" time="0.005"/>
  <testcase name="testLoadDifferentSources" classname="org.apache.commons.configuration.TestVFSConfigurationBuilder" time="0.007"/>
  <testcase name="testCombinedConfigurationNoAdditional" classname="org.apache.commons.configuration.TestVFSConfigurationBuilder" time="0.003"/>
  <testcase name="testSystemProperties" classname="org.apache.commons.configuration.TestVFSConfigurationBuilder" time="0.003"/>
  <testcase name="testValidation" classname="org.apache.commons.configuration.TestVFSConfigurationBuilder" time="0.007"/>
  <testcase name="testExtendedClass" classname="org.apache.commons.configuration.TestVFSConfigurationBuilder" time="0.009"/>
  <testcase name="testConfigurationProvider" classname="org.apache.commons.configuration.TestVFSConfigurationBuilder" time="0.008"/>
  <testcase name="testLoadXMLWithSettings" classname="org.apache.commons.configuration.TestVFSConfigurationBuilder" time="0.007"/>
  <testcase name="testMultiTenentConfiguration" classname="org.apache.commons.configuration.TestVFSConfigurationBuilder" time="0.01"/>
  <testcase name="testConfigurationBuilderProvider" classname="org.apache.commons.configuration.TestVFSConfigurationBuilder" time="0.007"/>
  <testcase name="testReloadDefault" classname="org.apache.commons.configuration.TestVFSConfigurationBuilder" time="1.219"/>
  <testcase name="testLoadOptionalBuilderForceCreate" classname="org.apache.commons.configuration.TestVFSConfigurationBuilder" time="0.001"/>
  <testcase name="testSetFileSystem" classname="org.apache.commons.configuration.TestVFSConfigurationBuilder" time="0.018"/>
  <testcase name="testGlobalLookup" classname="org.apache.commons.configuration.TestVFSConfigurationBuilder" time="0.004"/>
  <testcase name="testLogErrorListener" classname="org.apache.commons.configuration.TestVFSConfigurationBuilder" time="0"/>
  <testcase name="testConfigurationBeanFactoryCreateBean" classname="org.apache.commons.configuration.TestVFSConfigurationBuilder" time="0.001"/>
  <testcase name="testLoadConfigurationFromFileName" classname="org.apache.commons.configuration.TestVFSConfigurationBuilder" time="0.004"/>
  <testcase name="testConfiguredFileSystem" classname="org.apache.commons.configuration.TestVFSConfigurationBuilder" time="0.017"/>
  <testcase name="testExtendedXMLConfigurationProvider" classname="org.apache.commons.configuration.TestVFSConfigurationBuilder" time="0.014"/>
  <testcase name="testLoadOptionalForceCreateWithException" classname="org.apache.commons.configuration.TestVFSConfigurationBuilder" time="0.001"/>
  <testcase name="testLoadConfiguration" classname="org.apache.commons.configuration.TestVFSConfigurationBuilder" time="0.005"/>
  <testcase name="testLoadOptionalForceCreate" classname="org.apache.commons.configuration.TestVFSConfigurationBuilder" time="0"/>
  <testcase name="testAddConfigurationProvider" classname="org.apache.commons.configuration.TestVFSConfigurationBuilder" time="0.001"/>
  <testcase name="testConfigurationDeclarationIsReservedOptional" classname="org.apache.commons.configuration.TestVFSConfigurationBuilder" time="0"/>
  <testcase name="testComplexInitialization" classname="org.apache.commons.configuration.TestVFSConfigurationBuilder" time="0.023"/>
  <testcase name="testLoadOptionalErrorEvent" classname="org.apache.commons.configuration.TestVFSConfigurationBuilder" time="0.001"/>
  <testcase name="testCombinedConfigurationListNodes" classname="org.apache.commons.configuration.TestVFSConfigurationBuilder" time="0.015"/>
  <testcase name="testConfigurationDeclarationGetAttributes" classname="org.apache.commons.configuration.TestVFSConfigurationBuilder" time="0"/>
  <testcase name="testConfigurationDeclarationIsReservedAt" classname="org.apache.commons.configuration.TestVFSConfigurationBuilder" time="0"/>
  <testcase name="testConfigurationDeclarationIsReserved" classname="org.apache.commons.configuration.TestVFSConfigurationBuilder" time="0"/>
  <testcase name="testMultiTenentConfiguration2" classname="org.apache.commons.configuration.TestVFSConfigurationBuilder" time="0.008"/>
  <testcase name="testMultiTenentConfiguration3" classname="org.apache.commons.configuration.TestVFSConfigurationBuilder" time="0.008"/>
  <testcase name="testAddConfigurationProviderNull" classname="org.apache.commons.configuration.TestVFSConfigurationBuilder" time="0"/>
  <testcase name="testSetConfigurationBasePath" classname="org.apache.commons.configuration.TestVFSConfigurationBuilder" time="0.001"/>
  <testcase name="testCombinedConfiguration" classname="org.apache.commons.configuration.TestVFSConfigurationBuilder" time="0.011"/>
  <testcase name="testConfigurationDeclarationOptionalAttributeInvalid" classname="org.apache.commons.configuration.TestVFSConfigurationBuilder" time="0"/>
  <testcase name="testLoadOptionalWithException" classname="org.apache.commons.configuration.TestVFSConfigurationBuilder" time="0.002"/>
  <testcase name="testConfigurationBeanFactoryCreateUnknownTag" classname="org.apache.commons.configuration.TestVFSConfigurationBuilder" time="0"/>
</testsuite>