<?xml version="1.0" encoding="UTF-8"?>
<testsuite name="org.apache.commons.configuration.TestDatabaseConfiguration" time="1.123" tests="36" errors="0" skipped="0" failures="0">
  <properties>
[...]
</properties>
  <testcase name="testGetKeysMultiple" classname="org.apache.commons.configuration.TestDatabaseConfiguration" time="0.018"/>
  <testcase name="testGetListWithDelimiter" classname="org.apache.commons.configuration.TestDatabaseConfiguration" time="0.018"/>
  <testcase name="testClearPropertyCommit" classname="org.apache.commons.configuration.TestDatabaseConfiguration" time="0.015"/>
  <testcase name="testClearError" classname="org.apache.commons.configuration.TestDatabaseConfiguration" time="0.025"/>
  <testcase name="testContainsKeySingle" classname="org.apache.commons.configuration.TestDatabaseConfiguration" time="0.015"/>
  <testcase name="testClearPropertySingle" classname="org.apache.commons.configuration.TestDatabaseConfiguration" time="0.017"/>
  <testcase name="testSetPropertyWithDelimiter" classname="org.apache.commons.configuration.TestDatabaseConfiguration" time="0.02"/>
  <testcase name="testAddNonStringProperty" classname="org.apache.commons.configuration.TestDatabaseConfiguration" time="0.02"/>
  <testcase name="testContainsKeyError" classname="org.apache.commons.configuration.TestDatabaseConfiguration" time="0.018"/>
  <testcase name="testDoCommitsDefault" classname="org.apache.commons.configuration.TestDatabaseConfiguration" time="0.017"/>
  <testcase name="testAddWithDelimiter" classname="org.apache.commons.configuration.TestDatabaseConfiguration" time="0.018"/>
  <testcase name="testGetKeys" classname="org.apache.commons.configuration.TestDatabaseConfiguration" time="0.017"/>
  <testcase name="testGetList" classname="org.apache.commons.configuration.TestDatabaseConfiguration" time="0.021"/>
  <testcase name="testIsEmptyMultiple" classname="org.apache.commons.configuration.TestDatabaseConfiguration" time="0.03"/>
  <testcase name="testGetKeysError" classname="org.apache.commons.configuration.TestDatabaseConfiguration" time="0.021"/>
  <testcase name="testLogErrorListener" classname="org.apache.commons.configuration.TestDatabaseConfiguration" time="0.032"/>
  <testcase name="testGetPropertyDirectMultiple" classname="org.apache.commons.configuration.TestDatabaseConfiguration" time="0.031"/>
  <testcase name="testDoCommitsDefaultMulti" classname="org.apache.commons.configuration.TestDatabaseConfiguration" time="0.032"/>
  <testcase name="testGetListWithDelimiterParsingDisabled" classname="org.apache.commons.configuration.TestDatabaseConfiguration" time="0.034"/>
  <testcase name="testContainsKeyMultiple" classname="org.apache.commons.configuration.TestDatabaseConfiguration" time="0.042"/>
  <testcase name="testAddPropertyDirectCommit" classname="org.apache.commons.configuration.TestDatabaseConfiguration" time="0.046"/>
  <testcase name="testClearPropertyMultipleOtherConfig" classname="org.apache.commons.configuration.TestDatabaseConfiguration" time="0.039"/>
  <testcase name="testClearPropertyError" classname="org.apache.commons.configuration.TestDatabaseConfiguration" time="0.042"/>
  <testcase name="testClearPropertyMultiple" classname="org.apache.commons.configuration.TestDatabaseConfiguration" time="0.062"/>
  <testcase name="testGetPropertyError" classname="org.apache.commons.configuration.TestDatabaseConfiguration" time="0.063"/>
  <testcase name="testAddPropertyDirectSingle" classname="org.apache.commons.configuration.TestDatabaseConfiguration" time="0.037"/>
  <testcase name="testGetPropertyDirectSingle" classname="org.apache.commons.configuration.TestDatabaseConfiguration" time="0.08"/>
  <testcase name="testAddPropertyDirectMultiple" classname="org.apache.commons.configuration.TestDatabaseConfiguration" time="0.061"/>
  <testcase name="testClearCommit" classname="org.apache.commons.configuration.TestDatabaseConfiguration" time="0.042"/>
  <testcase name="testIsEmptySingle" classname="org.apache.commons.configuration.TestDatabaseConfiguration" time="0.027"/>
  <testcase name="testGetKeysSingle" classname="org.apache.commons.configuration.TestDatabaseConfiguration" time="0.021"/>
  <testcase name="testClearMultiple" classname="org.apache.commons.configuration.TestDatabaseConfiguration" time="0.036"/>
  <testcase name="testClearSingle" classname="org.apache.commons.configuration.TestDatabaseConfiguration" time="0.034"/>
  <testcase name="testClearSubset" classname="org.apache.commons.configuration.TestDatabaseConfiguration" time="0.029"/>
  <testcase name="testIsEmptyError" classname="org.apache.commons.configuration.TestDatabaseConfiguration" time="0.021"/>
  <testcase name="testAddPropertyError" classname="org.apache.commons.configuration.TestDatabaseConfiguration" time="0.022"/>
</testsuite>