<?xml version="1.0" encoding="UTF-8"?>
<testsuite name="org.apache.commons.configuration.TestFileConfiguration" time="1.047" tests="31" errors="0" skipped="0" failures="0">
  <properties>
[...]
</properties>
  <testcase name="testReloadingWithAutoSave" classname="org.apache.commons.configuration.TestFileConfiguration" time="0.001"/>
  <testcase name="testGetFileAfterLoad" classname="org.apache.commons.configuration.TestFileConfiguration" time="0.001"/>
  <testcase name="testSaveWithoutFileNameFile" classname="org.apache.commons.configuration.TestFileConfiguration" time="0"/>
  <testcase name="testLoadMultiple" classname="org.apache.commons.configuration.TestFileConfiguration" time="0.001"/>
  <testcase name="testSetURLWithParams" classname="org.apache.commons.configuration.TestFileConfiguration" time="0.105"/>
  <testcase name="testClone" classname="org.apache.commons.configuration.TestFileConfiguration" time="0"/>
  <testcase name="testCreateFile1" classname="org.apache.commons.configuration.TestFileConfiguration" time="0.001"/>
  <testcase name="testCreateFile2" classname="org.apache.commons.configuration.TestFileConfiguration" time="0"/>
  <testcase name="testCreateFile3" classname="org.apache.commons.configuration.TestFileConfiguration" time="0.001"/>
  <testcase name="testIterationWithReloadFlat" classname="org.apache.commons.configuration.TestFileConfiguration" time="0.017"/>
  <testcase name="testPathWithPlus" classname="org.apache.commons.configuration.TestFileConfiguration" time="0"/>
  <testcase name="testWithConfigurationFactory" classname="org.apache.commons.configuration.TestFileConfiguration" time="0.006"/>
  <testcase name="testLoadDirectoryConstrFile" classname="org.apache.commons.configuration.TestFileConfiguration" time="0"/>
  <testcase name="testPathWithSpaces" classname="org.apache.commons.configuration.TestFileConfiguration" time="0.001"/>
  <testcase name="testReloadError" classname="org.apache.commons.configuration.TestFileConfiguration" time="0.001"/>
  <testcase name="testSaveInvalidURL" classname="org.apache.commons.configuration.TestFileConfiguration" time="0.287"/>
  <testcase name="testLocations" classname="org.apache.commons.configuration.TestFileConfiguration" time="0.001"/>
  <testcase name="testGetFile" classname="org.apache.commons.configuration.TestFileConfiguration" time="0.001"/>
  <testcase name="testLoadDirectoryFile" classname="org.apache.commons.configuration.TestFileConfiguration" time="0"/>
  <testcase name="testIterationWithReloadHierarchical" classname="org.apache.commons.configuration.TestFileConfiguration" time="0.038"/>
  <testcase name="testRefreshNoFile" classname="org.apache.commons.configuration.TestFileConfiguration" time="0"/>
  <testcase name="testSaveInvalidURLString" classname="org.apache.commons.configuration.TestFileConfiguration" time="0.388"/>
  <testcase name="testLoadDirectoryConstrString" classname="org.apache.commons.configuration.TestFileConfiguration" time="0"/>
  <testcase name="testLogErrorListener" classname="org.apache.commons.configuration.TestFileConfiguration" time="0"/>
  <testcase name="testFileOverwrite" classname="org.apache.commons.configuration.TestFileConfiguration" time="0.192"/>
  <testcase name="testRefresh" classname="org.apache.commons.configuration.TestFileConfiguration" time="0.001"/>
  <testcase name="testLoadFromClassPath" classname="org.apache.commons.configuration.TestFileConfiguration" time="0.001"/>
  <testcase name="testInitFromClassPath" classname="org.apache.commons.configuration.TestFileConfiguration" time="0.001"/>
  <testcase name="testSaveWithoutFileNameURL" classname="org.apache.commons.configuration.TestFileConfiguration" time="0.001"/>
  <testcase name="testSetURL" classname="org.apache.commons.configuration.TestFileConfiguration" time="0"/>
  <testcase name="testLoadDirectoryString" classname="org.apache.commons.configuration.TestFileConfiguration" time="0.001"/>
</testsuite>