<?xml version="1.0" encoding="UTF-8"?>
<testsuite name="org.apache.commons.configuration.TestCombinedConfiguration" time="5.775" tests="41" errors="0" skipped="0" failures="0">
  <properties>
[...]
</properties>
  <testcase name="testAccessPropertyEmpty" classname="org.apache.commons.configuration.TestCombinedConfiguration" time="0.001"/>
  <testcase name="testAccessPropertyMulti" classname="org.apache.commons.configuration.TestCombinedConfiguration" time="0"/>
  <testcase name="testGetSourceMulti" classname="org.apache.commons.configuration.TestCombinedConfiguration" time="0.001"/>
  <testcase name="testEscapeListDelimiters" classname="org.apache.commons.configuration.TestCombinedConfiguration" time="0"/>
  <testcase name="testReloadingNestedCC" classname="org.apache.commons.configuration.TestCombinedConfiguration" time="0.015"/>
  <testcase name="testDeadlockWithReload" classname="org.apache.commons.configuration.TestCombinedConfiguration" time="1.042"/>
  <testcase name="testInvalidateAfterChange" classname="org.apache.commons.configuration.TestCombinedConfiguration" time="0"/>
  <testcase name="testConversionExpressionEngine" classname="org.apache.commons.configuration.TestCombinedConfiguration" time="0"/>
  <testcase name="testRemoveNonContainedConfiguration" classname="org.apache.commons.configuration.TestCombinedConfiguration" time="0"/>
  <testcase name="testClear" classname="org.apache.commons.configuration.TestCombinedConfiguration" time="0"/>
  <testcase name="testClone" classname="org.apache.commons.configuration.TestCombinedConfiguration" time="0.001"/>
  <testcase name="testInit" classname="org.apache.commons.configuration.TestCombinedConfiguration" time="0"/>
  <testcase name="testReloadingSubnodeConfig" classname="org.apache.commons.configuration.TestCombinedConfiguration" time="0.007"/>
  <testcase name="testCloneModify" classname="org.apache.commons.configuration.TestCombinedConfiguration" time="0"/>
  <testcase name="testGetSourceNonHierarchical" classname="org.apache.commons.configuration.TestCombinedConfiguration" time="0.001"/>
  <testcase name="testRemoveNamedConfiguration" classname="org.apache.commons.configuration.TestCombinedConfiguration" time="0.001"/>
  <testcase name="testAddConfigurationAt" classname="org.apache.commons.configuration.TestCombinedConfiguration" time="0.001"/>
  <testcase name="testGetSourceCombined" classname="org.apache.commons.configuration.TestCombinedConfiguration" time="0"/>
  <testcase name="testAddConfigurationWithNameTwice" classname="org.apache.commons.configuration.TestCombinedConfiguration" time="0"/>
  <testcase name="testAddNullConfiguration" classname="org.apache.commons.configuration.TestCombinedConfiguration" time="0"/>
  <testcase name="testRemoveConfiguration" classname="org.apache.commons.configuration.TestCombinedConfiguration" time="0.001"/>
  <testcase name="testGetSourceMultiSources" classname="org.apache.commons.configuration.TestCombinedConfiguration" time="0"/>
  <testcase name="testAddConfigurationComplexAt" classname="org.apache.commons.configuration.TestCombinedConfiguration" time="0.001"/>
  <testcase name="testRemoveConfigurationByName" classname="org.apache.commons.configuration.TestCombinedConfiguration" time="0"/>
  <testcase name="testGetSourceNull" classname="org.apache.commons.configuration.TestCombinedConfiguration" time="0"/>
  <testcase name="testGetSourceHierarchical" classname="org.apache.commons.configuration.TestCombinedConfiguration" time="0"/>
  <testcase name="testAddConfiguration" classname="org.apache.commons.configuration.TestCombinedConfiguration" time="0"/>
  <testcase name="testSetNodeCombiner" classname="org.apache.commons.configuration.TestCombinedConfiguration" time="0.001"/>
  <testcase name="testRemoveConfigurationByUnknownName" classname="org.apache.commons.configuration.TestCombinedConfiguration" time="0"/>
  <testcase name="testRemoveConfigurationAt" classname="org.apache.commons.configuration.TestCombinedConfiguration" time="0.001"/>
  <testcase name="testReloading" classname="org.apache.commons.configuration.TestCombinedConfiguration" time="0.053"/>
  <testcase name="testAddConfigurationWithName" classname="org.apache.commons.configuration.TestCombinedConfiguration" time="0"/>
  <testcase name="testRemoveNamedConfigurationAt" classname="org.apache.commons.configuration.TestCombinedConfiguration" time="0.001"/>
  <testcase name="testCombinedCopyToXML" classname="org.apache.commons.configuration.TestCombinedConfiguration" time="0.004"/>
  <testcase name="testGetConfigurations" classname="org.apache.commons.configuration.TestCombinedConfiguration" time="0.001"/>
  <testcase name="testConcurrentGetAndReload" classname="org.apache.commons.configuration.TestCombinedConfiguration" time="4.636"/>
  <testcase name="testGetSourceUnknown" classname="org.apache.commons.configuration.TestCombinedConfiguration" time="0"/>
  <testcase name="testReloadWithSubNodeConfig" classname="org.apache.commons.configuration.TestCombinedConfiguration" time="0.004"/>
  <testcase name="testUpdateContainedConfiguration" classname="org.apache.commons.configuration.TestCombinedConfiguration" time="0.001"/>
  <testcase name="testSetNullNodeCombiner" classname="org.apache.commons.configuration.TestCombinedConfiguration" time="0"/>
  <testcase name="testGetConfigurationNameList" classname="org.apache.commons.configuration.TestCombinedConfiguration" time="0.001"/>
</testsuite>