<?xml version="1.0" encoding="UTF-8"?>
<testsuite name="org.apache.commons.configuration.TestDefaultConfigurationBuilder" time="0.377" tests="50" errors="0" skipped="0" failures="0">
  <properties>
[...]
</properties>
  <testcase name="testLoadAdditional" classname="org.apache.commons.configuration.TestDefaultConfigurationBuilder" time="0.006"/>
  <testcase name="testLoadOptional" classname="org.apache.commons.configuration.TestDefaultConfigurationBuilder" time="0.007"/>
  <testcase name="testValidation3" classname="org.apache.commons.configuration.TestDefaultConfigurationBuilder" time="0.038"/>
  <testcase name="testRemoveConfigurationProvider" classname="org.apache.commons.configuration.TestDefaultConfigurationBuilder" time="0"/>
  <testcase name="testAddConfigurationProviderNullTag" classname="org.apache.commons.configuration.TestDefaultConfigurationBuilder" time="0"/>
  <testcase name="testLoadOptionalNonFileBased" classname="org.apache.commons.configuration.TestDefaultConfigurationBuilder" time="0.006"/>
  <testcase name="testLoadConfigurationFromURL" classname="org.apache.commons.configuration.TestDefaultConfigurationBuilder" time="0.01"/>
  <testcase name="testLoadConfigurationFromFile" classname="org.apache.commons.configuration.TestDefaultConfigurationBuilder" time="0.006"/>
  <testcase name="testCombinedConfigurationAttributes" classname="org.apache.commons.configuration.TestDefaultConfigurationBuilder" time="0.023"/>
  <testcase name="testCombinedConfigurationStructure" classname="org.apache.commons.configuration.TestDefaultConfigurationBuilder" time="0.02"/>
  <testcase name="testMerge" classname="org.apache.commons.configuration.TestDefaultConfigurationBuilder" time="0.006"/>
  <testcase name="testLoadDifferentSources" classname="org.apache.commons.configuration.TestDefaultConfigurationBuilder" time="0.014"/>
  <testcase name="testCombinedConfigurationNoAdditional" classname="org.apache.commons.configuration.TestDefaultConfigurationBuilder" time="0.005"/>
  <testcase name="testSystemProperties" classname="org.apache.commons.configuration.TestDefaultConfigurationBuilder" time="0.004"/>
  <testcase name="testValidation" classname="org.apache.commons.configuration.TestDefaultConfigurationBuilder" time="0.008"/>
  <testcase name="testExtendedClass" classname="org.apache.commons.configuration.TestDefaultConfigurationBuilder" time="0.014"/>
  <testcase name="testConfigurationProvider" classname="org.apache.commons.configuration.TestDefaultConfigurationBuilder" time="0.012"/>
  <testcase name="testLoadXMLWithSettings" classname="org.apache.commons.configuration.TestDefaultConfigurationBuilder" time="0.015"/>
  <testcase name="testConfigurationBuilderProviderOverrideProperties" classname="org.apache.commons.configuration.TestDefaultConfigurationBuilder" time="0.001"/>
  <testcase name="testMultiTenentConfiguration" classname="org.apache.commons.configuration.TestDefaultConfigurationBuilder" time="0.017"/>
  <testcase name="testConfigurationBuilderProvider" classname="org.apache.commons.configuration.TestDefaultConfigurationBuilder" time="0.007"/>
  <testcase name="testLoadOptionalBuilderForceCreate" classname="org.apache.commons.configuration.TestDefaultConfigurationBuilder" time="0.001"/>
  <testcase name="testDelimiterParsingDisabled" classname="org.apache.commons.configuration.TestDefaultConfigurationBuilder" time="0.007"/>
  <testcase name="testGlobalLookup" classname="org.apache.commons.configuration.TestDefaultConfigurationBuilder" time="0.013"/>
  <testcase name="testLogErrorListener" classname="org.apache.commons.configuration.TestDefaultConfigurationBuilder" time="0"/>
  <testcase name="testLoadOptionalChildBuilderSuppressErrorLog" classname="org.apache.commons.configuration.TestDefaultConfigurationBuilder" time="0.011"/>
  <testcase name="testConfigurationBeanFactoryCreateBean" classname="org.apache.commons.configuration.TestDefaultConfigurationBuilder" time="0"/>
  <testcase name="testLoadConfigurationFromFileName" classname="org.apache.commons.configuration.TestDefaultConfigurationBuilder" time="0.007"/>
  <testcase name="testConfigurationBuilderProviderInheritProperties" classname="org.apache.commons.configuration.TestDefaultConfigurationBuilder" time="0"/>
  <testcase name="testExtendedXMLConfigurationProvider" classname="org.apache.commons.configuration.TestDefaultConfigurationBuilder" time="0.014"/>
  <testcase name="testLoadOptionalForceCreateWithException" classname="org.apache.commons.configuration.TestDefaultConfigurationBuilder" time="0.001"/>
  <testcase name="testLoadConfiguration" classname="org.apache.commons.configuration.TestDefaultConfigurationBuilder" time="0.005"/>
  <testcase name="testLoadOptionalForceCreate" classname="org.apache.commons.configuration.TestDefaultConfigurationBuilder" time="0.001"/>
  <testcase name="testAddConfigurationProvider" classname="org.apache.commons.configuration.TestDefaultConfigurationBuilder" time="0"/>
  <testcase name="testConfigurationDeclarationIsReservedOptional" classname="org.apache.commons.configuration.TestDefaultConfigurationBuilder" time="0"/>
  <testcase name="testComplexInitialization" classname="org.apache.commons.configuration.TestDefaultConfigurationBuilder" time="0.018"/>
  <testcase name="testMultiTenantConfigurationAt" classname="org.apache.commons.configuration.TestDefaultConfigurationBuilder" time="0.01"/>
  <testcase name="testLoadOptionalErrorEvent" classname="org.apache.commons.configuration.TestDefaultConfigurationBuilder" time="0.001"/>
  <testcase name="testCombinedConfigurationListNodes" classname="org.apache.commons.configuration.TestDefaultConfigurationBuilder" time="0.017"/>
  <testcase name="testConfigurationDeclarationIsReservedAt" classname="org.apache.commons.configuration.TestDefaultConfigurationBuilder" time="0.001"/>
  <testcase name="testExpression" classname="org.apache.commons.configuration.TestDefaultConfigurationBuilder" time="0.02"/>
  <testcase name="testInterpolationOverMultipleSources" classname="org.apache.commons.configuration.TestDefaultConfigurationBuilder" time="0.008"/>
  <testcase name="testConfigurationDeclarationIsReserved" classname="org.apache.commons.configuration.TestDefaultConfigurationBuilder" time="0.001"/>
  <testcase name="testMultiTenentConfiguration2" classname="org.apache.commons.configuration.TestDefaultConfigurationBuilder" time="0.012"/>
  <testcase name="testMultiTenentConfiguration3" classname="org.apache.commons.configuration.TestDefaultConfigurationBuilder" time="0.009"/>
  <testcase name="testAddConfigurationProviderNull" classname="org.apache.commons.configuration.TestDefaultConfigurationBuilder" time="0"/>
  <testcase name="testSetConfigurationBasePath" classname="org.apache.commons.configuration.TestDefaultConfigurationBuilder" time="0"/>
  <testcase name="testConfigurationDeclarationOptionalAttributeInvalid" classname="org.apache.commons.configuration.TestDefaultConfigurationBuilder" time="0"/>
  <testcase name="testLoadOptionalWithException" classname="org.apache.commons.configuration.TestDefaultConfigurationBuilder" time="0.001"/>
  <testcase name="testConfigurationBeanFactoryCreateUnknownTag" classname="org.apache.commons.configuration.TestDefaultConfigurationBuilder" time="0"/>
</testsuite>