<?xml version="1.0" encoding="UTF-8"?>
<testsuite name="org.apache.commons.configuration.TestPropertiesConfiguration" time="0.364" tests="69" errors="0" skipped="0" failures="0">
  <properties>
[...]
</properties>
  <testcase name="testCopyAndSave" classname="org.apache.commons.configuration.TestPropertiesConfiguration" time="0.007"/>
  <testcase name="testSaveToCustomURL" classname="org.apache.commons.configuration.TestPropertiesConfiguration" time="0.007"/>
  <testcase name="testPropertyLoadedInclude" classname="org.apache.commons.configuration.TestPropertiesConfiguration" time="0.002"/>
  <testcase name="testBackslashEscapingInLists" classname="org.apache.commons.configuration.TestPropertiesConfiguration" time="0.002"/>
  <testcase name="testLoadIncludeInterpol" classname="org.apache.commons.configuration.TestPropertiesConfiguration" time="0.002"/>
  <testcase name="testSaveWithBasePath" classname="org.apache.commons.configuration.TestPropertiesConfiguration" time="0.027"/>
  <testcase name="testLoadWithAutoSave" classname="org.apache.commons.configuration.TestPropertiesConfiguration" time="0.01"/>
  <testcase name="testIsCommentLine" classname="org.apache.commons.configuration.TestPropertiesConfiguration" time="0.002"/>
  <testcase name="testSlashEscaping" classname="org.apache.commons.configuration.TestPropertiesConfiguration" time="0.003"/>
  <testcase name="testEscapedKeyValueSeparator" classname="org.apache.commons.configuration.TestPropertiesConfiguration" time="0.001"/>
  <testcase name="testDisableListDelimiter" classname="org.apache.commons.configuration.TestPropertiesConfiguration" time="0.002"/>
  <testcase name="testSetIOFactoryNull" classname="org.apache.commons.configuration.TestPropertiesConfiguration" time="0.001"/>
  <testcase name="testLoadViaPropertyWithBasePath2" classname="org.apache.commons.configuration.TestPropertiesConfiguration" time="0.002"/>
  <testcase name="testUnescapeJava" classname="org.apache.commons.configuration.TestPropertiesConfiguration" time="0.001"/>
  <testcase name="testLoadUnexistingFile" classname="org.apache.commons.configuration.TestPropertiesConfiguration" time="0.002"/>
  <testcase name="testClone" classname="org.apache.commons.configuration.TestPropertiesConfiguration" time="0.004"/>
  <testcase name="testEmpty" classname="org.apache.commons.configuration.TestPropertiesConfiguration" time="0.001"/>
  <testcase name="testPropertyLoadedIncludeNotAllowed" classname="org.apache.commons.configuration.TestPropertiesConfiguration" time="0.001"/>
  <testcase name="testList" classname="org.apache.commons.configuration.TestPropertiesConfiguration" time="0.001"/>
  <testcase name="testLoad" classname="org.apache.commons.configuration.TestPropertiesConfiguration" time="0"/>
  <testcase name="testSave" classname="org.apache.commons.configuration.TestPropertiesConfiguration" time="0.003"/>
  <testcase name="testSetIOFactoryReader" classname="org.apache.commons.configuration.TestPropertiesConfiguration" time="0.002"/>
  <testcase name="testLoadIncludeFromClassPath" classname="org.apache.commons.configuration.TestPropertiesConfiguration" time="0.001"/>
  <testcase name="testEscapedKey" classname="org.apache.commons.configuration.TestPropertiesConfiguration" time="0.001"/>
  <testcase name="testChangingListDelimiter" classname="org.apache.commons.configuration.TestPropertiesConfiguration" time="0.003"/>
  <testcase name="testNewLineEscaping" classname="org.apache.commons.configuration.TestPropertiesConfiguration" time="0.002"/>
  <testcase name="testLoadWithAutoSaveAndSetNew" classname="org.apache.commons.configuration.TestPropertiesConfiguration" time="0.003"/>
  <testcase name="testKeyValueSeparators" classname="org.apache.commons.configuration.TestPropertiesConfiguration" time="0.002"/>
  <testcase name="testSetIOFactoryWriter" classname="org.apache.commons.configuration.TestPropertiesConfiguration" time="0.005"/>
  <testcase name="testReadFooterComment" classname="org.apache.commons.configuration.TestPropertiesConfiguration" time="0.002"/>
  <testcase name="testSaveWithDelimiterParsingDisabled" classname="org.apache.commons.configuration.TestPropertiesConfiguration" time="0.003"/>
  <testcase name="testGetIOFactoryDefault" classname="org.apache.commons.configuration.TestPropertiesConfiguration" time="0.001"/>
  <testcase name="testLoadWithAutoSaveAndSetExisting" classname="org.apache.commons.configuration.TestPropertiesConfiguration" time="0.003"/>
  <testcase name="testMixedArray" classname="org.apache.commons.configuration.TestPropertiesConfiguration" time="0.002"/>
  <testcase name="testSaveToHTTPServerFail" classname="org.apache.commons.configuration.TestPropertiesConfiguration" time="0.004"/>
  <testcase name="testLoadWithAutoSaveAndAdd" classname="org.apache.commons.configuration.TestPropertiesConfiguration" time="0.002"/>
  <testcase name="testReference" classname="org.apache.commons.configuration.TestPropertiesConfiguration" time="0.003"/>
  <testcase name="testSaveToHTTPServerSuccess" classname="org.apache.commons.configuration.TestPropertiesConfiguration" time="0.004"/>
  <testcase name="testSetInclude" classname="org.apache.commons.configuration.TestPropertiesConfiguration" time="0.003"/>
  <testcase name="testInMemoryCreatedSave" classname="org.apache.commons.configuration.TestPropertiesConfiguration" time="0.002"/>
  <testcase name="testSetPropertyListWithDelimiterParsingDisabled" classname="org.apache.commons.configuration.TestPropertiesConfiguration" time="0.112"/>
  <testcase name="testReentrantReload" classname="org.apache.commons.configuration.TestPropertiesConfiguration" time="0.001"/>
  <testcase name="testSaveEscapedEscapingCharacter" classname="org.apache.commons.configuration.TestPropertiesConfiguration" time="0.002"/>
  <testcase name="testSaveWithDataConfig" classname="org.apache.commons.configuration.TestPropertiesConfiguration" time="0.002"/>
  <testcase name="testMultilines" classname="org.apache.commons.configuration.TestPropertiesConfiguration" time="0.001"/>
  <testcase name="testGetStringWithEscapedChars" classname="org.apache.commons.configuration.TestPropertiesConfiguration" time="0.001"/>
  <testcase name="testGetStringWithEscapedComma" classname="org.apache.commons.configuration.TestPropertiesConfiguration" time="0"/>
  <testcase name="testComment" classname="org.apache.commons.configuration.TestPropertiesConfiguration" time="0"/>
  <testcase name="testInitFromNonExistingFile" classname="org.apache.commons.configuration.TestPropertiesConfiguration" time="0.002"/>
  <testcase name="testLoadWithAutoSaveAndClear" classname="org.apache.commons.configuration.TestPropertiesConfiguration" time="0.001"/>
  <testcase name="testLoadIncludeFromReader" classname="org.apache.commons.configuration.TestPropertiesConfiguration" time="0.04"/>
  <testcase name="testAppendAndSave" classname="org.apache.commons.configuration.TestPropertiesConfiguration" time="0.002"/>
  <testcase name="testLoadInclude" classname="org.apache.commons.configuration.TestPropertiesConfiguration" time="0.001"/>
  <testcase name="testLoadWithDefaultEncoding" classname="org.apache.commons.configuration.TestPropertiesConfiguration" time="0.001"/>
  <testcase name="testPropertyLoaded" classname="org.apache.commons.configuration.TestPropertiesConfiguration" time="0.001"/>
  <testcase name="testLoadFromFile" classname="org.apache.commons.configuration.TestPropertiesConfiguration" time="0.003"/>
  <testcase name="testIncludeInSubDir" classname="org.apache.commons.configuration.TestPropertiesConfiguration" time="0.034"/>
  <testcase name="testFileWithSharpSymbol" classname="org.apache.commons.configuration.TestPropertiesConfiguration" time="0.005"/>
  <testcase name="testAppend" classname="org.apache.commons.configuration.TestPropertiesConfiguration" time="0.001"/>
  <testcase name="testGetLayout" classname="org.apache.commons.configuration.TestPropertiesConfiguration" time="0.001"/>
  <testcase name="testCloneNullLayout" classname="org.apache.commons.configuration.TestPropertiesConfiguration" time="0.002"/>
  <testcase name="testChangingDefaultListDelimiter" classname="org.apache.commons.configuration.TestPropertiesConfiguration" time="0.004"/>
  <testcase name="testDisableIncludes" classname="org.apache.commons.configuration.TestPropertiesConfiguration" time="0.002"/>
  <testcase name="testLoadViaProperty" classname="org.apache.commons.configuration.TestPropertiesConfiguration" time="0.002"/>
  <testcase name="testKeepSeparators" classname="org.apache.commons.configuration.TestPropertiesConfiguration" time="0.007"/>
  <testcase name="testWriteFooterComment" classname="org.apache.commons.configuration.TestPropertiesConfiguration" time="0.002"/>
  <testcase name="testLoadViaPropertyWithBasePath" classname="org.apache.commons.configuration.TestPropertiesConfiguration" time="0.002"/>
  <testcase name="testLineSeparator" classname="org.apache.commons.configuration.TestPropertiesConfiguration" time="0.001"/>
  <testcase name="testSaveMissingFilename" classname="org.apache.commons.configuration.TestPropertiesConfiguration" time="0.002"/>
</testsuite>