<?xml version="1.0" encoding="UTF-8"?>
<testsuite name="org.apache.commons.configuration.TestHierarchicalINIConfiguration" time="0.063" tests="52" errors="0" skipped="0" failures="0">
  <properties>
[...]
</properties>
  <testcase name="testQuotedValueEmpty" classname="org.apache.commons.configuration.TestHierarchicalINIConfiguration" time="0.001"/>
  <testcase name="testSaveWithGlobalSection" classname="org.apache.commons.configuration.TestHierarchicalINIConfiguration" time="0.001"/>
  <testcase name="testListParsingDisabled" classname="org.apache.commons.configuration.TestHierarchicalINIConfiguration" time="0.001"/>
  <testcase name="testGetSections" classname="org.apache.commons.configuration.TestHierarchicalINIConfiguration" time="0"/>
  <testcase name="testMultipleSeparatorsQuoted" classname="org.apache.commons.configuration.TestHierarchicalINIConfiguration" time="0.001"/>
  <testcase name="testLineContinuationQuoted" classname="org.apache.commons.configuration.TestHierarchicalINIConfiguration" time="0"/>
  <testcase name="testLoadAlternativeSeparator" classname="org.apache.commons.configuration.TestHierarchicalINIConfiguration" time="0"/>
  <testcase name="testLoadFile" classname="org.apache.commons.configuration.TestHierarchicalINIConfiguration" time="0.001"/>
  <testcase name="testLineContinuationEmptyLine" classname="org.apache.commons.configuration.TestHierarchicalINIConfiguration" time="0.001"/>
  <testcase name="testWriteValueWithCommentChar" classname="org.apache.commons.configuration.TestHierarchicalINIConfiguration" time="0.001"/>
  <testcase name="testIsCommentLine" classname="org.apache.commons.configuration.TestHierarchicalINIConfiguration" time="0"/>
  <testcase name="testLineContinuationNone" classname="org.apache.commons.configuration.TestHierarchicalINIConfiguration" time="0"/>
  <testcase name="testValueWithDelimiters" classname="org.apache.commons.configuration.TestHierarchicalINIConfiguration" time="0.001"/>
  <testcase name="testGetSectionsGlobalOnly" classname="org.apache.commons.configuration.TestHierarchicalINIConfiguration" time="0"/>
  <testcase name="testLineContinuationQuotedComment" classname="org.apache.commons.configuration.TestHierarchicalINIConfiguration" time="0"/>
  <testcase name="testSaveKeysWithDelimiters" classname="org.apache.commons.configuration.TestHierarchicalINIConfiguration" time="0.001"/>
  <testcase name="testLoad" classname="org.apache.commons.configuration.TestHierarchicalINIConfiguration" time="0.001"/>
  <testcase name="testSave" classname="org.apache.commons.configuration.TestHierarchicalINIConfiguration" time="0.001"/>
  <testcase name="testQuotedValueWithComment" classname="org.apache.commons.configuration.TestHierarchicalINIConfiguration" time="0.001"/>
  <testcase name="testSaveClearedSection" classname="org.apache.commons.configuration.TestHierarchicalINIConfiguration" time="0.001"/>
  <testcase name="testLineContinuation" classname="org.apache.commons.configuration.TestHierarchicalINIConfiguration" time="0.001"/>
  <testcase name="testGetSectionGloabalMultiThreaded" classname="org.apache.commons.configuration.TestHierarchicalINIConfiguration" time="0.039"/>
  <testcase name="testGetSectionsNoGlobal" classname="org.apache.commons.configuration.TestHierarchicalINIConfiguration" time="0"/>
  <testcase name="testGetSectionNonExistingManipulate" classname="org.apache.commons.configuration.TestHierarchicalINIConfiguration" time="0"/>
  <testcase name="testGetPropertyNoValue" classname="org.apache.commons.configuration.TestHierarchicalINIConfiguration" time="0"/>
  <testcase name="testGetSectionDuplicate" classname="org.apache.commons.configuration.TestHierarchicalINIConfiguration" time="0"/>
  <testcase name="testValueWithComment" classname="org.apache.commons.configuration.TestHierarchicalINIConfiguration" time="0"/>
  <testcase name="testGetSectionExisting" classname="org.apache.commons.configuration.TestHierarchicalINIConfiguration" time="0"/>
  <testcase name="testLoadURL" classname="org.apache.commons.configuration.TestHierarchicalINIConfiguration" time="0"/>
  <testcase name="testMultipleSeparators" classname="org.apache.commons.configuration.TestHierarchicalINIConfiguration" time="0"/>
  <testcase name="testMergeDuplicateSection" classname="org.apache.commons.configuration.TestHierarchicalINIConfiguration" time="0"/>
  <testcase name="testGetSectionGlobal" classname="org.apache.commons.configuration.TestHierarchicalINIConfiguration" time="0"/>
  <testcase name="testGetSectionNonExisting" classname="org.apache.commons.configuration.TestHierarchicalINIConfiguration" time="0"/>
  <testcase name="testGetSectionMerged" classname="org.apache.commons.configuration.TestHierarchicalINIConfiguration" time="0.001"/>
  <testcase name="testSaveWithOnlyGlobalSection" classname="org.apache.commons.configuration.TestHierarchicalINIConfiguration" time="0.001"/>
  <testcase name="testQuotedValueWithWhitespace" classname="org.apache.commons.configuration.TestHierarchicalINIConfiguration" time="0.001"/>
  <testcase name="testQuotedValue" classname="org.apache.commons.configuration.TestHierarchicalINIConfiguration" time="0"/>
  <testcase name="testLineContinuationComment" classname="org.apache.commons.configuration.TestHierarchicalINIConfiguration" time="0"/>
  <testcase name="testIsSectionLine" classname="org.apache.commons.configuration.TestHierarchicalINIConfiguration" time="0"/>
  <testcase name="testQuotedValueWithQuotes" classname="org.apache.commons.configuration.TestHierarchicalINIConfiguration" time="0"/>
  <testcase name="testGetPropertyNoKey" classname="org.apache.commons.configuration.TestHierarchicalINIConfiguration" time="0"/>
  <testcase name="testGetSectionsAdded" classname="org.apache.commons.configuration.TestHierarchicalINIConfiguration" time="0.001"/>
  <testcase name="testGetSectionsWithGlobal" classname="org.apache.commons.configuration.TestHierarchicalINIConfiguration" time="0.001"/>
  <testcase name="testQuotedValueWithWhitespaceAndComment" classname="org.apache.commons.configuration.TestHierarchicalINIConfiguration" time="0"/>
  <testcase name="testValueWithSemicolon" classname="org.apache.commons.configuration.TestHierarchicalINIConfiguration" time="0.001"/>
  <testcase name="testSeparators" classname="org.apache.commons.configuration.TestHierarchicalINIConfiguration" time="0.001"/>
  <testcase name="testQuotedValueWithSingleQuotes" classname="org.apache.commons.configuration.TestHierarchicalINIConfiguration" time="0"/>
  <testcase name="testGetSectionsDottedVar" classname="org.apache.commons.configuration.TestHierarchicalINIConfiguration" time="0.001"/>
  <testcase name="testLoadFileName" classname="org.apache.commons.configuration.TestHierarchicalINIConfiguration" time="0.001"/>
  <testcase name="testLineContinuationAtEnd" classname="org.apache.commons.configuration.TestHierarchicalINIConfiguration" time="0"/>
  <testcase name="testGetSectionGlobalNonExisting" classname="org.apache.commons.configuration.TestHierarchicalINIConfiguration" time="0.001"/>
  <testcase name="testGlobalProperty" classname="org.apache.commons.configuration.TestHierarchicalINIConfiguration" time="0"/>
</testsuite>