<?xml version="1.0" encoding="UTF-8"?>
<testsuite name="org.apache.commons.configuration.TestHierarchicalConfiguration" time="0.03" tests="60" errors="0" skipped="0" failures="0">
  <properties>
[...]
</properties>
  <testcase name="testClearTreeComplex" classname="org.apache.commons.configuration.TestHierarchicalConfiguration" time="0.002"/>
  <testcase name="testConfigurationAtUnknownSubTree" classname="org.apache.commons.configuration.TestHierarchicalConfiguration" time="0"/>
  <testcase name="testGetRootAfterSetRootNode" classname="org.apache.commons.configuration.TestHierarchicalConfiguration" time="0"/>
  <testcase name="testInterpolationUnknownProperty" classname="org.apache.commons.configuration.TestHierarchicalConfiguration" time="0.002"/>
  <testcase name="testInterpolation" classname="org.apache.commons.configuration.TestHierarchicalConfiguration" time="0.001"/>
  <testcase name="testGetKeysWithKeyAsPrefixMultiple" classname="org.apache.commons.configuration.TestHierarchicalConfiguration" time="0"/>
  <testcase name="testSetDefaultExpressionEngineNull" classname="org.apache.commons.configuration.TestHierarchicalConfiguration" time="0"/>
  <testcase name="testInitCopyNull" classname="org.apache.commons.configuration.TestHierarchicalConfiguration" time="0"/>
  <testcase name="testInterpolationBasic" classname="org.apache.commons.configuration.TestHierarchicalConfiguration" time="0"/>
  <testcase name="testClear" classname="org.apache.commons.configuration.TestHierarchicalConfiguration" time="0"/>
  <testcase name="testClone" classname="org.apache.commons.configuration.TestHierarchicalConfiguration" time="0.001"/>
  <testcase name="testInitCopyUpdate" classname="org.apache.commons.configuration.TestHierarchicalConfiguration" time="0.001"/>
  <testcase name="testInterpolator" classname="org.apache.commons.configuration.TestHierarchicalConfiguration" time="0.001"/>
  <testcase name="testInterpolationSubset" classname="org.apache.commons.configuration.TestHierarchicalConfiguration" time="0"/>
  <testcase name="testSetExpressionEngine" classname="org.apache.commons.configuration.TestHierarchicalConfiguration" time="0.001"/>
  <testcase name="testInterpolationEscaped" classname="org.apache.commons.configuration.TestHierarchicalConfiguration" time="0.001"/>
  <testcase name="testConfigurationsAt" classname="org.apache.commons.configuration.TestHierarchicalConfiguration" time="0.001"/>
  <testcase name="testInterpolationSysProperties" classname="org.apache.commons.configuration.TestHierarchicalConfiguration" time="0.001"/>
  <testcase name="testConfigurationAtClear" classname="org.apache.commons.configuration.TestHierarchicalConfiguration" time="0"/>
  <testcase name="testClearTree" classname="org.apache.commons.configuration.TestHierarchicalConfiguration" time="0"/>
  <testcase name="testSubsetMultipleNodesWithValues" classname="org.apache.commons.configuration.TestHierarchicalConfiguration" time="0.001"/>
  <testcase name="testNodeVisitorKeys" classname="org.apache.commons.configuration.TestHierarchicalConfiguration" time="0.001"/>
  <testcase name="testAddNodes" classname="org.apache.commons.configuration.TestHierarchicalConfiguration" time="0"/>
  <testcase name="testInterpolationSubsetMultipleLayers" classname="org.apache.commons.configuration.TestHierarchicalConfiguration" time="0.001"/>
  <testcase name="testCloneWithEventListeners" classname="org.apache.commons.configuration.TestHierarchicalConfiguration" time="0"/>
  <testcase name="testGetKeys" classname="org.apache.commons.configuration.TestHierarchicalConfiguration" time="0"/>
  <testcase name="testContainsKey" classname="org.apache.commons.configuration.TestHierarchicalConfiguration" time="0"/>
  <testcase name="testAddNodesForNonExistingKey" classname="org.apache.commons.configuration.TestHierarchicalConfiguration" time="0"/>
  <testcase name="testSetRootNodeNull" classname="org.apache.commons.configuration.TestHierarchicalConfiguration" time="0"/>
  <testcase name="testAddNodesWithAttributeKey" classname="org.apache.commons.configuration.TestHierarchicalConfiguration" time="0"/>
  <testcase name="testInterpolationConstants" classname="org.apache.commons.configuration.TestHierarchicalConfiguration" time="0.002"/>
  <testcase name="testConfigurationsAtEmpty" classname="org.apache.commons.configuration.TestHierarchicalConfiguration" time="0"/>
  <testcase name="testClearTreeHierarchy" classname="org.apache.commons.configuration.TestHierarchicalConfiguration" time="0"/>
  <testcase name="testClearProperty" classname="org.apache.commons.configuration.TestHierarchicalConfiguration" time="0.001"/>
  <testcase name="testSubsetNodeWithValue" classname="org.apache.commons.configuration.TestHierarchicalConfiguration" time="0.001"/>
  <testcase name="testSetProperty" classname="org.apache.commons.configuration.TestHierarchicalConfiguration" time="0.001"/>
  <testcase name="testGetProperty" classname="org.apache.commons.configuration.TestHierarchicalConfiguration" time="0.001"/>
  <testcase name="testNodeRemove" classname="org.apache.commons.configuration.TestHierarchicalConfiguration" time="0"/>
  <testcase name="testInterpolatedConfiguration" classname="org.apache.commons.configuration.TestHierarchicalConfiguration" time="0.002"/>
  <testcase name="testGetPropertyKeyWithBrackets" classname="org.apache.commons.configuration.TestHierarchicalConfiguration" time="0"/>
  <testcase name="testNodeVisitor" classname="org.apache.commons.configuration.TestHierarchicalConfiguration" time="0"/>
  <testcase name="testInterpolationLoop" classname="org.apache.commons.configuration.TestHierarchicalConfiguration" time="0"/>
  <testcase name="testInitCopy" classname="org.apache.commons.configuration.TestHierarchicalConfiguration" time="0.001"/>
  <testcase name="testSetRootNode" classname="org.apache.commons.configuration.TestHierarchicalConfiguration" time="0"/>
  <testcase name="testSetRootNull" classname="org.apache.commons.configuration.TestHierarchicalConfiguration" time="0"/>
  <testcase name="testConfigurationAtMultipleNodes" classname="org.apache.commons.configuration.TestHierarchicalConfiguration" time="0"/>
  <testcase name="testAddPropertyInvalidKey" classname="org.apache.commons.configuration.TestHierarchicalConfiguration" time="0"/>
  <testcase name="testAddNodesCopy" classname="org.apache.commons.configuration.TestHierarchicalConfiguration" time="0.001"/>
  <testcase name="testNodeParentsAfterSetRootNode" classname="org.apache.commons.configuration.TestHierarchicalConfiguration" time="0.001"/>
  <testcase name="testAddNodesAttributeNode" classname="org.apache.commons.configuration.TestHierarchicalConfiguration" time="0"/>
  <testcase name="testSetRoot" classname="org.apache.commons.configuration.TestHierarchicalConfiguration" time="0"/>
  <testcase name="testIsEmpty" classname="org.apache.commons.configuration.TestHierarchicalConfiguration" time="0"/>
  <testcase name="testAddProperty" classname="org.apache.commons.configuration.TestHierarchicalConfiguration" time="0.001"/>
  <testcase name="testInterpolationMultipleLevels" classname="org.apache.commons.configuration.TestHierarchicalConfiguration" time="0"/>
  <testcase name="testSubset" classname="org.apache.commons.configuration.TestHierarchicalConfiguration" time="0.001"/>
  <testcase name="testConfigurationAt" classname="org.apache.commons.configuration.TestHierarchicalConfiguration" time="0.001"/>
  <testcase name="testSetDefaultExpressionEngine" classname="org.apache.commons.configuration.TestHierarchicalConfiguration" time="0"/>
  <testcase name="testGetKeysString" classname="org.apache.commons.configuration.TestHierarchicalConfiguration" time="0.001"/>
  <testcase name="testGetMaxIndex" classname="org.apache.commons.configuration.TestHierarchicalConfiguration" time="0"/>
  <testcase name="testGetKeysWithKeyAsPrefix" classname="org.apache.commons.configuration.TestHierarchicalConfiguration" time="0"/>
</testsuite>